[RUN #0 0 10]










[RUN #1 4 100]
542 785 -465 540
114 100 -611 -236
-886 199 737 310
391 314 210 -75
-477 -865 -42 -490
918 190 439 -924
-829 366 -216 832
364 -568 536 396
241 428 722 486
125 -365 85 -810
678 -684 -405 485
-280 -927 561 368
-760 -686 -362 -966
-832 511 431 960
30 -526 -815 -733
151 146 864 -509
971 -710 -364 -992
-21 467 -23 548
678 301 620 958
932 781 -310 721
-233 -741 -461 470
-878 377 400 444
-97 426 -821 -35
100 869 183 877
-254 750 -9 -774
-776 7 -594 870
-525 52 -807 964
-764 -556 -532 333
691 -932 759 512
947 852 -49 -39
155 -72 -393 -494
565 189 389 107
322 -830 310 49
524 -108 -617 497
451 -401 507 491
11 303 332 -44
256 -359 -730 -304
-772 -930 782 -897
246 -916 -589 -755
351 -299 -960 -204
-93 -540 696 336
451 280 381 591
525 430 946 -960
1 -573 746 -445
47 -545 -532 810
661 602 -447 -984
991 -777 745 -868
806 874 -388 -99
546 -426 45 -473
342 687 361 827
32 -84 612 395
-225 -903 -997 793
-660 -204 -18 -919
561 339 629 -913
391 866 939 -149
-544 -567 -900 396
14 -435 856 -19
986 -241 64 373
-737 -708 176 325
595 -813 969 -355
-613 359 773 442
179 -856 -185 601
637 -736 532 -279
537 -265 -565 -154
309 -814 -871 -62
61 108 -759 381
622 -337 269 -596
-828 200 471 766
-355 -585 -197 -743
739 996 -39 555
-919 -732 -327 438
-848 597 -316 117
-756 495 -274 -470
-696 -784 -518 -79
803 304 -452 -156
-774 -625 -174 881
29 116 713 -291
55 -22 -350 -226
219 522 -560 444
-510 -502 -829 752
211 -417 -395 -719
59 -134 352 -543
-482 213 496 -814
-939 667 -897 151
-428 -859 27 -901
-735 -913 487 327
938 -756 423 -58
492 -6 49 383
533 -748 -585 -984
735 281 -118 -293
624 538 230 -402
-179 67 -800 -431
542 99 82 -377
142 -476 -778 -293
364 -825 -582 -310
53 -713 684 -342
626 -625 378 -239
104 69 221 -165
433 -710 -11 675
3 -797 -605 38
[RUN #2 5 100]
596 -675 -65 -428 -738
-698 -134 136 92 335
-768 41 478 -342 -424
685 -410 173 -353 -971
-193 271 936 618 -556
-724 523 -415 30 -961
247 -479 -302 474 -200
404 -99 247 12 457
-169 907 714 851 -259
-10 852 347 528 -827
-455 635 -651 -277 -551
-342 -99 -127 -585 -954
25 327 631 -181 458
365 -983 -516 941 71
-690 -771 707 561 552
-704 332 -5 -816 740
-913 -973 232 -89 212
-612 134 763 466 738
-921 711 245 794 781
-683 312 -559 -546 405
-918 -137 -883 59 -355
-632 -186 -920 -1 -545
-403 -643 760 -425 96
345 73 232 365 -971
590 576 -391 -3 -359
822 -17 -196 -472 291
-342 743 -32 480 249
-812 -154 -261 -1000 -810
254 264 990 -637 780
-909 -733 -267 -910 359
846 545 207 -971 807
-800 504 -273 876 692
844 62 -645 -535 432
-855 -290 -805 -464 680
-251 817 -133 282 -5
-691 629 -321 -521 -316
482 -640 176 -30 138
-492 468 792 194 45
295 -857 538 -889 -891
-576 -455 -86 148 -752
134 775 -852 344 621
212 675 917 780 870
749 60 430 975 949
-3 -891 -779 746 -22
314 -79 147 -16 658
-910 814 26 -358 -794
-891 -581 525 -556 -262
837 690 30 110 529
-742 98 -139 -150 -252
-969 839 -71 738 -933
878 -516 -79 217 595
-449 -92 -999 -355 -197
-963 -945 977 -270 -822
213 470 -514 -856 -812
24 -981 753 290 -743
-568 -476 -513 -1 974
-98 -350 -324 -789 660
-670 707 -203 -891 23
93 -38 965 -559 312
-860 -315 -801 -531 -58
820 -819 750 173 -37
849 -991 -814 -462 177
-637 -636 -749 -545 133
-177 893 379 -114 594
-847 -54 -706 -878 600
-500 -837 -310 167 -217
-44 980 -271 954 636
737 -953 -946 178 -935
-684 -450 719 505 581
-103 -1 -982 -877 944
-94 702 -710 -495 -791
-356 119 437 324 -764
-915 848 770 -92 -514
-154 -222 417 948 -22
657 -601 842 -141 -684
466 449 -923 -749 930
58 -762 363 -978 -946
-968 421 177 150 295
562 -54 -643 -577 -45
731 -582 979 -265 -657
376 382 -775 -592 553
-221 729 261 -994 20
908 956 282 -288 975
-655 177 552 -327 853
-521 757 -188 -198 475
668 749 -330 907 -249
311 651 -34 950 -218
-48 838 332 -158 -54
766 -839 580 -222 -448
-394 670 682 219 955
206 -981 182 -76 388
-129 679 995 -966 -106
-402 -232 -532 -805 630
-383 70 391 110 722
172 -879 -522 -92 233
-264 -938 -425 -682 954
-946 -852 -803 525 -19
821 63 170 -756 -699
-826 749 -715 626 -549
174 276 -452 -194 391
[RUN #3 12 100]
-907 387 123 -107 -781 -228 39 372 -562 598 683 -371
-910 -625 -202 -16 192 -356 -573 -818 381 -649 232 -15
231 -299 -111 -798 376 -644 -27 496 853 -35 424 -125
142 21 -562 451 597 819 485 804 -303 -427 836 49
-663 -54 718 162 798 -72 886 539 344 -949 -141 -83
30 730 75 587 -979 -489 290 -923 403 -800 925 782
526 629 -614 545 -325 925 -917 655 -674 243 617 179
-872 993 207 814 502 -369 -147 157 941 -187 314 -947
325 213 -144 685 -77 -179 -774 492 -233 707 -619 494
-392 -363 700 -585 803 -832 -383 -599 48 841 -723 -862
913 557 737 648 -867 823 -857 331 -33 565 749 -153
542 755 968 76 443 -963 -636 971 -661 719 490 289
316 -687 -952 141 212 -985 -384 732 -701 793 -133 425
-365 -53 252 519 -442 757 586 -140 -636 2 266 -805
10 -655 -743 -65 532 -976 636 -480 -563 -232 865 387
-386 -122 475 676 731 -861 845 113 -823 679 -171 421
191 943 -714 625 -747 834 -820 914 -752 759 -482 -123
379 363 125 818 -748 -355 -423 -735 -242 -755 -649 -675
-782 632 997 -157 -857 -215 -20 -564 448 -852 -160 -220
284 374 -344 423 459 981 -51 393 913 -439 -266 -689
-14 -976 -446 985 -391 866 -221 161 -715 42 263 -683
-957 -642 776 797 478 -54 847 -26 954 -531 -201 -865
-877 400 -981 497 -247 440 565 -608 -89 504 -760 466
-468 -523 647 -814 -359 -462 551 -306 -651 -128 495 -390
-917 -697 -129 963 -778 635 741 861 -305 110 246 -924
-928 -54 -24 -952 -491 -68 271 299 999 955 375 671
-737 -246 608 -26 514 -625 -656 -354 -478 115 -815 972
866 246 -524 -501 713 630 -494 785 29 -644 -191 728
173 881 -389 468 -501 -580 -470 -102 -368 -667 575 -318
296 159 -156 -846 -940 -547 -18 -176 596 597 726 761
-952 -853 -865 103 377 291 -373 735 419 -94 137 60
-333 144 -258 -499 -240 -483 -30 -251 -956 522 -942 -482
-715 -178 104 18 -826 227 -348 -618 -800 -209 -585 -607
39 -684 573 810 -354 -665 -107 -152 -461 797 569 893
413 345 -961 46 451 102 -775 378 847 -554 221 933
-851 786 -329 975 865 742 -377 -620 603 853 693 377
671 669 -151 -867 321 591 -989 -902 -744 -681 -71 765
-125 297 -607 77 304 271 901 860 837 120 740 -40
554 -929 -852 22 -367 921 163 -861 -87 -79 191 -310
890 284 -650 237 -468 158 -603 -703 146 -7 194 470
-939 -336 939 863 -43 800 763 789 704 -334 491 882
-999 -300 324 581 -76 -967 -288 107 635 663 733 440
-312 -843 -9 205 97 -927 -399 814 -694 317 -358 -699
241 265 477 -431 215 492 -564 342 365 21 941 -229
502 864 403 321 -604 -580 -429 543 -689 -929 -864 658
499 -471 702 -131 -665 88 -111 -839 740 407 704 -366
-566 -44 544 293 -683 -431 -669 -248 204 216 -47 706
-162 986 -750 46 103 -684 -213 693 -991 -631 141 -91
-7 -726 897 -386 473 790 520 689 913 -397 656 589
601 -727 831 -202 98 233 -744 758 -209 -257 372 -480
-852 -181 522 904 -224 336 -670 172 -173 -508 437 163
640 -856 678 636 -663 431 181 -61 513 -211 629 -104
-603 801 -64 -851 850 -335 25 685 729 -599 -711 186
415 -640 -147 -604 -121 71 -677 486 -117 -11 -858 -22
907 -952 663 848 489 423 876 976 -105 275 134 -262
475 941 -540 -260 -180 127 457 -122 -228 -443 635 342
-99 -538 727 270 638 -822 -469 -765 -945 704 94 -864
-634 -61 162 702 35 -173 815 173 767 -942 -116 -651
-828 -380 462 286 -389 300 -869 -917 -295 -369 -824 745
-756 876 686 -409 140 733 593 825 93 -246 101 480
-593 -239 250 484 550 772 753 502 491 -412 233 620
345 -285 276 -243 556 -922 -649 -654 -37 -784 983 614
-220 429 -232 -699 -396 379 366 -704 -480 983 -340 480
205 691 -778 -572 -112 766 -138 -826 -101 -931 538 556
-994 -726 12 671 -56 81 669 -516 154 864 869 -948
694 779 479 554 -109 -805 392 192 690 -479 645 900
-611 -176 650 -230 -289 -963 -307 -353 -946 -30 -69 141
784 -257 377 -333 208 149 453 -848 860 494 562 668
656 -714 387 -20 957 -145 786 -646 346 94 -373 774
378 311 168 -229 895 135 849 725 -433 405 557 -505
-135 27 888 450 44 -903 -941 -276 -231 347 771 -66
584 223 988 -409 -888 361 -923 -447 -970 -985 -557 -521
812 611 -948 -198 444 780 969 170 -365 339 -373 599
-373 660 -159 -310 533 839 80 124 -117 381 -538 -730
-567 -441 -514 917 -771 889 -625 -459 975 161 -80 90
395 -98 386 627 514 -718 268 162 -870 357 409 -147
572 802 -259 573 -127 -630 0 326 872 30 245 -615
-828 -343 -338 -97 -968 -510 422 507 -166 -504 960 20
852 367 -744 -763 -257 -839 -850 358 802 -890 -287 885
892 248 -897 -5 702 -685 219 -270 480 -518 -630 -30
304 -400 -664 513 -991 821 -636 550 633 -978 -402 -360
93 -440 438 456 524 687 -882 -896 -395 83 -622 -892
-801 483 -522 506 -236 938 155 98 507 206 -324 -69
-717 719 145 905 990 -771 813 666 -560 -852 -865 608
827 -145 -115 -951 981 865 371 -878 639 996 912 180
439 -811 -440 -545 524 -348 420 -414 -928 -352 77 -607
208 -797 -44 -653 818 961 -893 289 -352 -8 -81 37
224 -998 -447 619 -34 354 -388 -468 -458 -82 252 -897
381 -607 -287 599 177 890 36 518 -985 -926 405 903
795 677 -806 -984 636 -320 158 -742 -415 -309 -762 -591
166 781 48 -604 -239 -450 -375 -453 -235 -542 285 442
-330 425 -444 -553 -719 -175 -641 -559 236 -929 -373 708
472 404 972 -44 566 -14 666 213 202 -543 -87 -415
667 -306 -282 723 -284 234 -32 669 107 186 378 926
287 -459 -884 763 732 -980 776 997 853 563 -132 -754
917 846 -991 196 -329 880 -714 30 415 98 -282 711
-238 68 304 -539 620 -813 -309 286 985 -956 -881 -919
-262 -533 -547 351 597 120 -695 -446 432 663 166 -554
338 211 107 686 -597 508 -413 167 970 -737 -426 -179
455 954 259 -852 -372 947 -134 -949 -574 -161 -963 -964
[RUN #4 15 100]
-286 -424 720 957 944 -364 98 778 864 -849 140 -34 -553 37 899
-42 -482 -155 -29 -704 -369 964 -62 602 213 -188 -286 -454 -653 -724
341 -91 760 -252 451 -556 265 -991 396 166 40 -918 367 961 933
-578 -495 -891 -196 146 -479 846 -31 450 -705 24 -986 -935 -669 773
-979 498 741 27 -201 -208 99 819 36 -278 953 -109 31 443 62
-38 -739 778 228 -849 -540 20 175 575 -796 273 -109 -361 168 822
-374 -495 826 -818 -347 139 797 -617 -682 659 -354 718 -893 -549 759
-712 112 620 675 -803 687 -896 841 -931 -120 -928 -273 365 -687 -752
342 -600 751 971 682 126 58 -206 -117 855 454 608 -168 -108 -244
136 613 526 -532 -493 -8 643 -811 375 166 -607 -805 -747 -173 12
690 -855 -477 600 852 -7 654 -121 37 -625 856 313 971 -374 -946
410 677 -725 616 -636 -231 -454 305 -110 -405 -303 -372 662 532 -528
454 913 -471 111 230 -777 131 995 974 487 444 580 -621 553 -426
-980 -83 574 808 -327 825 -171 -445 740 472 949 65 -249 475 384
300 682 -65 766 998 -983 739 831 873 272 -165 -689 -282 -975 -75
647 -405 740 -252 667 -330 -793 466 -565 -727 923 -87 -274 -464 827
-458 469 -55 -171 -138 323 560 -591 428 -743 23 -227 218 -731 430
339 483 26 -562 143 -309 -114 -572 -667 719 972 323 74 -623 421
-780 37 -698 659 805 832 18 -593 323 341 196 -298 -97 -830 965
-740 941 -311 614 -994 -415 565 149 -794 5 -240 639 656 -767 -150
-904 904 -458 170 745 -598 391 -405 406 -34 -16 525 -330 776 -169
-830 -198 -733 -534 -363 -602 421 -251 931 504 570 167 -253 183 -813
881 836 -128 -927 -550 -849 725 -203 -935 937 -816 -647 424 -500 471
543 763 766 652 -807 -459 -718 773 838 -156 650 324 -549 385 757
499 458 -382 394 843 -156 -220 890 -111 735 -700 -715 -301 -293 309
774 -84 -456 -23 170 701 42 -344 189 -367 204 -978 654 434 30
419 -758 647 -796 460 394 -589 -581 964 -513 713 557 70 -123 -379
596 638 -545 -706 201 -8 862 -916 -47 529 -313 -115 71 884 -911
-731 530 346 853 162 964 716 -889 523 272 -900 179 302 -520 -906
191 12 -721 415 -862 -132 954 488 231 639 971 -760 -548 -180 -922
678 -514 214 34 274 -927 775 965 348 -664 59 -756 -106 -673 -168
-57 -71 -492 629 -768 539 12 -230 211 -390 -527 -857 -690 -331 553
-76 149 -499 583 385 653 -340 411 158 665 753 -391 824 849 -390
527 -865 593 -717 393 995 -588 -988 -456 776 -591 -686 -157 909 308
-641 -953 311 -828 956 -394 -36 965 -839 -763 347 -357 752 616 -829
763 79 491 -564 498 417 801 545 110 473 -489 223 -126 987 866
942 -225 952 -55 -691 -998 374 964 -745 888 -764 -184 -661 651 -789
465 183 -573 844 -193 215 974 -122 398 262 652 26 -669 -886 -858
-121 856 952 -186 -81 -624 -285 -841 744 -498 -462 73 -291 103 -868
-216 256 -979 940 161 435 277 -767 -161 652 961 -784 2 634 -897
804 149 260 271 -818 -113 -842 595 380 -882 298 834 -440 -667 915
890 42 -466 552 465 549 -337 565 -678 -140 -629 51 -226 653 -661
-11 -736 571 698 -76 596 138 57 -597 -354 907 -726 -982 -696 226
-682 -565 -670 624 552 593 53 993 255 -849 156 563 185 962 119
-120 -615 352 191 -526 -126 -688 358 461 948 -69 -875 -949 605 -441
-225 964 -863 153 -545 -548 -638 -972 -894 983 443 113 -411 170 888
-611 475 516 -438 -804 -522 115 5 732 1 441 911 -743 756 141
79 815 81 -393 577 -835 120 494 717 644 234 347 -99 -395 -437
184 690 -399 805 658 137 100 -117 815 475 126 481 465 788 791
-754 731 -693 -565 1 147 -65 998 322 992 282 -959 622 935 214
-556 -984 -879 -251 129 -863 964 -295 -999 -852 -315 400 530 187 -705
-905 269 361 -455 207 -505 530 829 803 132 737 -864 -728 775 992
-777 -231 620 -780 350 662 -227 -822 776 257 445 787 -455 175 699
-126 611 321 -756 -345 -722 -899 877 -950 -277 -698 972 443 -339 750
111 209 -730 -645 -969 496 384 203 193 770 30 622 -388 -144 -348
473 97 843 -760 561 214 600 779 604 -510 999 -553 144 -94 -459
-504 -79 353 979 -843 27 425 -528 -59 -800 -716 -676 -506 -122 -609
-314 779 -479 -230 873 -482 823 -845 -567 709 185 -865 998 804 466
374 -823 -341 -410 -504 990 -46 -302 543 698 -137 981 -425 991 -244
428 443 788 621 -377 815 -203 -869 445 -798 -281 -137 216 753 -815
930 -990 58 -578 -368 -773 -865 -912 875 -496 149 -808 -91 648 -13
-96 332 989 -297 758 546 399 -732 -842 229 960 867 100 -582 -502
586 -856 -275 -546 286 -782 -349 745 82 44 -269 908 -620 -555 -410
-289 -397 -960 557 -133 106 814 -983 -100 668 -695 127 -667 849 852
640 -343 521 -774 -105 306 -298 -961 193 590 221 -640 307 -135 396
-616 -257 26 94 -161 -473 674 797 -409 227 -115 358 -170 420 744
-444 912 -895 -510 795 666 970 307 -70 753 342 633 -286 -26 43
-537 66 -879 -995 300 -601 227 726 -148 5 65 -608 996 416 -678
-48 -588 -721 -758 -113 -548 902 -300 187 -255 35 -759 814 -43 -660
641 442 790 -122 973 53 -198 944 582 -361 279 217 579 136 957
-136 355 -473 -203 137 741 483 -785 -133 245 462 -735 -773 -330 -603
147 -784 921 -514 394 -928 -779 797 787 580 766 56 -370 691 951
943 -980 -432 608 -414 -259 646 -924 -340 494 642 -992 -40 -168 576
581 -503 454 -883 -198 -718 -290 181 237 -954 596 438 -460 436 593
-374 -309 -617 -636 -918 -200 507 962 650 -264 -748 -359 437 426 932
992 -286 933 -720 922 916 -300 -715 -279 304 -983 -380 -479 -608 -871
-116 -933 187 -895 -896 -289 -261 -73 439 934 850 170 203 204 -138
-136 -940 -609 187 -54 616 340 143 391 450 -244 -120 -582 289 -597
-156 -19 708 -435 -962 725 446 -813 -215 127 996 468 -978 907 -732
-879 -605 -277 511 -854 594 2 -6 -701 890 -639 -246 -849 923 401
-940 -868 218 298 -778 882 813 -646 -719 680 925 -391 -365 -19 557
767 412 21 -695 846 200 495 -196 287 -694 517 -927 827 -466 -713
291 296 216 151 326 369 -494 516 200 511 236 -4 -919 -662 -699
58 -538 204 -86 -226 -435 -830 -291 556 350 857 893 -980 -383 837
-94 735 820 476 -714 220 490 516 765 665 79 -216 -3 -668 72
690 -913 410 763 -166 -876 799 484 -713 372 827 953 940 299 604
679 -582 -118 -483 -844 -444 -499 672 -785 -555 -916 -42 177 747 -5
-573 -493 -973 -794 408 -587 -137 985 -360 -774 744 33 602 937 -850
-802 242 518 105 920 -424 40 830 -36 -374 -493 -589 136 213 587
-664 -198 112 545 -724 674 -389 -350 688 -928 755 583 -920 -335 74
685 592 -740 205 -152 183 -337 923 839 -95 -766 480 -428 105 -278
433 -360 -138 -895 425 -636 -976 301 915 904 -481 39 196 -843 907
-846 -799 993 -99 181 78 -537 309 426 977 913 641 -394 -110 80
709 924 -470 -813 -769 469 804 573 -235 855 -356 -549 -146 -935 809
194 -245 -432 -24 810 40 -328 70 397 -413 151 560 279 535 -253
-503 994 176 971 -547 348 -882 871 152 -240 666 864 -762 55 -708
-162 -456 -696 -491 -502 -823 -354 25 -500 691 861 -169 -532 949 -479
-203 -897 673 261 43 -705 -126 -478 97 701 -857 -760 -668 -609 107
389 -242 763 780 318 -896 -186 892 -625 304 -554 642 -503 -884 -751
-688 76 -183 -383 -939 -985 546 -774 -32 932 325 -111 985 135 872
[RUN #5 15 100]
-568 997 -442 262 -876 584 547 -83 140 502 -992 -935 924 577 -757
33 -952 949 -394 -88 719 -54 617 38 30 -983 -226 -150 813 -152
-110 -535 552 872 904 931 -736 -929 962 44 666 533 388 28 789
-718 -547 774 911 693 -39 669 -204 -379 -627 337 330 -104 821 557
588 -168 613 996 453 728 560 554 741 -292 146 776 -643 -723 -218
98 -299 505 -123 -189 213 -172 -756 244 -830 255 -33 858 -757 -63
-649 607 484 -225 524 -38 -588 -930 673 261 464 -392 -880 -656 -832
-29 -603 863 -705 -748 355 439 902 693 -965 506 910 462 -619 -232
217 97 766 -907 859 619 268 -417 864 -529 916 246 900 25 774
-369 -770 239 355 -698 286 192 86 639 -198 112 -200 -175 125 -172
115 824 506 -259 -456 458 599 221 -658 -858 374 530 -74 68 -725
737 -543 -963 -984 683 -91 819 35 -962 616 555 295 670 -864 -925
-409 896 -245 391 18 557 -450 -213 -540 571 927 -581 864 504 -93
937 -457 321 838 26 288 -430 -427 -797 652 95 -59 642 786 -625
360 -841 338 -475 -263 135 617 761 -649 -616 629 -35 -821 -746 366
-10 217 -989 152 -870 -241 508 -244 397 472 -246 551 -814 588 890
178 577 399 -857 986 -190 -807 365 -603 252 156 779 -192 730 230
-812 -803 -720 -575 -769 681 211 -794 9 960 862 330 -112 -140 -184
373 -541 101 900 925 508 139 -653 -869 -142 625 -428 -877 250 669
-414 -446 441 728 248 -444 -804 876 400 352 389 -408 38 -888 679
815 259 774 931 370 826 588 411 870 -529 -64 -833 107 -778 868
160 -985 -443 -117 955 -991 -868 -93 -592 -666 -425 -750 614 -402 -301
262 350 -431 739 -998 707 8 -641 -74 -210 -592 -345 -550 -644 -226
-784 -973 71 -86 -518 587 996 243 581 -447 726 490 -53 -154 -51
-504 -477 -837 30 878 298 -22 467 173 7 -132 -147 291 -153 -738
-193 79 862 -781 -71 -918 -175 -640 621 952 172 -574 -894 616 981
-239 906 -263 220 -301 -757 852 -684 -125 -241 -293 352 -823 -189 480
-358 485 782 -582 -868 571 292 -619 -574 -268 -669 813 -742 -883 520
620 -348 471 -50 406 837 740 177 -81 198 938 -163 -536 331 175
-50 385 -887 238 270 264 573 853 -177 889 -167 439 -403 890 -491
182 44 712 189 -802 -702 -351 -47 -962 -825 -88 -721 -115 -862 -600
-776 -927 795 15 965 -290 -198 250 -649 -825 91 -20 -527 -444 116
-959 845 -501 197 51 256 89 -551 947 -454 645 -486 303 -202 625
24 591 -531 -950 474 -773 -519 383 644 -681 -163 -908 678 -823 681
944 -701 224 182 -437 505 -133 414 523 288 946 261 229 237 -610
-998 127 230 387 256 481 -819 232 228 -549 -66 -262 -165 264 897
284 196 191 678 -152 877 -135 -710 -265 -385 672 -358 -143 316 -495
-712 67 -137 -350 181 307 -562 10 741 -800 401 -503 -191 -622 -277
-528 -203 378 979 -425 798 -373 -605 101 -61 183 -986 -256 -960 -394
524 -326 758 -635 -486 -463 710 985 949 449 646 -511 82 -669 -239
971 -221 211 -372 -615 -979 -90 -951 -892 354 -350 -741 382 361 122
-741 402 -516 108 -673 -81 643 493 222 912 825 -676 193 1 -489
1 920 294 230 512 374 -757 -582 908 -178 184 -501 843 288 -832
-570 -532 217 494 294 -127 338 -341 990 847 775 -106 195 -422 192
-192 529 -351 794 -451 -700 -140 -543 966 -885 -651 -971 93 848 -864
581 452 286 -788 222 453 -877 -748 460 515 20 265 493 793 227
486 999 389 -422 846 -617 29 374 -263 -420 707 -964 102 -710 485
493 -623 -361 -856 -420 -132 -515 696 256 -742 203 297 877 -902 -594
-439 -82 200 907 -258 30 695 965 563 -206 -865 27 -997 209 -834
309 -481 -449 331 -261 396 483 133 -279 440 -307 -15 914 511 -414
-784 -693 317 461 148 -514 -878 839 515 -457 -15 949 -24 -815 -508
-361 -560 312 491 248 -586 197 611 257 -789 -665 503 -634 -505 618
-230 531 53 203 566 504 269 581 271 -150 709 -863 920 -654 824
630 823 701 228 160 -31 -332 788 715 -454 -782 -87 431 -873 622
-606 128 613 -602 293 213 500 -715 -331 -700 829 -599 -833 -893 -541
-737 -547 136 -254 -368 390 479 -879 -998 -320 -412 -784 315 -504 988
219 220 -610 -840 658 201 -541 104 986 684 530 -355 466 -800 726
878 777 -661 616 718 -26 56 -121 -45 682 -959 635 -826 -186 192
660 -85 498 98 204 676 -468 718 -171 537 812 -902 -50 -324 -405
336 -29 321 293 -905 585 -177 219 126 815 751 932 -747 759 849
-326 -285 366 -21 556 -684 -219 -674 -213 -276 -186 432 -191 434 369
444 666 -654 -281 -578 590 772 27 -615 801 -623 -110 -662 -626 -431
864 545 -120 -401 -776 833 -143 -637 -100 2 760 328 -251 681 613
709 273 290 899 537 -935 898 -574 998 -798 -217 713 340 862 -270
-620 139 -370 -805 -602 943 625 -149 -906 -347 184 -521 380 -244 805
-304 -860 118 -722 670 651 12 946 896 881 758 -752 413 -3 579
157 -630 916 910 415 -866 735 -156 160 670 -473 -686 -514 600 -472
-851 -142 938 -474 271 -83 -255 241 -35 -823 121 868 -905 133 -54
767 -86 -655 740 -950 471 -504 -11 -469 946 -248 -60 -170 -884 252
581 -381 -508 -763 662 529 75 633 681 -247 988 862 -887 498 384
867 934 -317 -631 -1000 241 375 384 334 -905 -724 -900 700 -671 755
-158 856 -191 -552 956 369 -104 -655 876 895 372 -462 -155 -26 -694
964 894 59 -586 -989 575 375 638 303 194 949 946 490 -23 158
-641 19 627 -487 -99 706 286 -813 186 631 -899 -659 659 862 262
583 734 954 460 -898 456 -582 -720 720 -826 -629 157 395 -39 -447
-239 -834 -798 750 797 863 429 335 -211 -644 110 64 161 339 808
838 -551 475 87 -711 -776 -788 868 -391 684 110 606 808 540 907
473 586 -846 641 -633 100 550 -16 329 -523 -354 -857 -891 -464 -576
-247 214 -874 883 839 -808 576 50 -818 -434 -278 -82 670 847 -378
320 495 -157 -974 -785 -353 301 761 -454 349 105 -992 -243 238 677
403 -203 477 218 -926 606 467 251 322 -909 -381 -478 -370 -191 740
-653 974 368 -754 -505 890 729 719 -104 -6 837 -192 981 -972 -486
-879 385 687 430 -730 993 -842 -803 733 -155 568 751 976 159 -843
-107 -969 141 900 -506 829 -375 935 830 446 9 -723 -560 65 -646
-635 -932 -29 665 184 -166 793 245 351 -516 -303 852 -11 70 543
-888 793 231 -261 -836 -47 233 7 112 -514 -770 -819 -116 195 238
437 -164 152 -755 531 746 949 -793 102 -499 412 9 -410 149 324
195 694 607 865 -654 396 612 -260 614 -5 984 805 -96 -964 -571
-655 603 726 -301 115 -120 -89 -375 -774 26 44 355 -141 901 -330
-23 -417 -839 -744 696 672 -103 -672 -935 217 -893 456 100 36 409
123 118 -531 -287 395 -303 85 13 862 -755 603 768 -310 -826 -165
273 -594 75 458 215 -991 -187 497 -246 152 -396 -447 -229 -910 946
-797 -869 -842 410 703 -807 -8 -799 -285 197 -480 109 -757 7 952
563 -716 115 -882 52 -602 -327 508 -396 62 -512 -514 166 -963 -177
-206 -286 -217 -4 -945 -965 958 -837 786 533 -86 761 518 -560 407
628 992 -21 969 601 -247 -636 221 -869 881 60 903 -683 -886 -5
-832 57 -463 -728 819 540 -760 698 690 66 -616 425 927 456 212
275 425 -597 125 -353 -536 452 11 302 -454 673 312 894 522 765
737 487 -770 -722 -78 589 -765 -728 413 230 -5 992 -854 -409 528
884 -897 209 809 -275 840 -214 -117 731 455 105 24 663 -220 -846
[RUN #6 15 100]
201 632 -185 581 -116 526 738 424 -569 -171 -844 -238 -333 -619 -336
-568 -413 -317 -817 -436 -578 904 -661 -664 275 -645 268 5 485 -77
-382 -392 -95 515 -513 954 -438 -778 3 902 -812 538 658 -211 169
779 -302 -185 141 735 -334 -559 48 931 -161 43 -298 861 91 -731
-552 -326 -127 718 324 778 594 -637 213 -933 589 481 62 -729 -660
-175 625 -219 866 -444 158 170 -115 1 122 -397 -184 -576 851 -487
-13 824 -48 -910 -958 -731 -742 -792 -28 859 -99 149 511 -439 518
-225 851 -344 924 748 -685 580 -329 576 985 -871 746 857 801 -244
538 -843 542 221 806 58 -50 24 544 -312 -635 570 -445 -739 -515
121 -546 -421 434 -526 594 -865 -527 531 -577 400 12 -739 -807 138
181 -197 613 837 -525 -930 176 -459 372 -285 658 895 -942 -224 324
-68 177 -235 937 -218 -677 -571 -453 418 -798 38 675 272 230 160
766 -365 813 -879 -717 -337 346 646 -314 119 10 636 -353 -482 560
-430 958 -883 -130 -442 -673 -461 -218 813 322 117 -846 416 -408 -254
-124 -906 -979 -925 -730 -806 -976 362 223 -87 -479 518 -661 370 246
426 402 -533 417 907 -473 -871 148 -739 927 -218 424 -110 216 118
-747 -92 306 -336 144 296 351 470 -907 23 717 631 -844 234 531
-572 573 322 686 -90 -896 963 33 -806 247 -304 383 304 360 -846
-152 -821 817 878 487 663 615 196 742 -760 -445 41 -264 -146 -97
-991 -607 722 129 835 -343 236 -601 269 -778 512 991 149 -600 41
299 -966 845 -466 711 -814 976 -963 -156 -299 436 459 530 -792 -105
-212 -132 -245 -367 -488 760 633 514 -507 929 -954 -725 888 351 43
110 117 329 401 626 288 -899 -411 -560 -981 -847 546 139 327 14
697 -810 -725 -944 628 868 723 307 742 322 880 -56 229 -608 853
999 444 -171 294 690 -495 807 326 -321 -694 802 826 514 -750 311
166 968 594 -452 208 719 -444 121 -323 -275 545 -808 -243 -618 917
771 -507 813 23 694 -980 326 -639 126 -562 -701 77 -424 -964 871
39 416 -955 102 -619 41 -764 -998 718 223 204 217 -701 -595 478
512 -397 930 -816 98 423 4 -350 -987 -466 120 -267 723 -151 985
184 -942 -413 403 -839 93 -562 -999 -232 -385 688 518 359 -369 493
484 -250 333 968 -510 84 -236 -16 -757 20 -296 -119 -246 509 602
823 -168 -885 -243 814 -736 36 -919 -779 949 -600 661 -978 923 208
-153 -569 -345 23 90 943 -386 787 582 637 -9 372 -381 -412 271
-412 -628 -199 -672 108 577 325 -67 -358 -987 -498 -955 -52 -230 -976
-393 -541 -843 869 25 -329 785 889 -528 -710 215 498 688 282 373
982 781 351 -572 -537 -724 -184 565 297 -835 -679 -96 201 -510 688
-972 -756 475 -393 938 972 -873 -185 -75 -343 -885 863 -2 -867 -422
-589 -605 336 333 -922 761 129 594 363 733 909 112 -836 509 413
-534 207 96 -471 509 -272 762 -27 502 -434 -87 -197 -549 190 80
-823 -680 84 -497 -473 469 -128 838 -257 257 -813 -918 -754 953 902
456 671 455 842 -594 457 -366 -44 -907 -593 193 -710 11 -87 613
288 -828 -251 254 -25 -913 726 319 -650 85 488 -168 524 31 4
74 -578 416 254 87 941 -637 116 -272 -136 -90 -898 -167 192 -831
-350 -429 973 -471 -773 954 982 -458 62 -604 345 116 -131 966 550
280 -126 -377 640 78 -952 -519 593 982 -505 58 -508 988 40 361
185 -53 -885 -643 -219 -556 -890 -277 -802 246 -426 990 487 116 -27
972 -356 -200 34 -499 922 -447 380 -453 361 -601 -626 500 848 -645
-214 302 949 -146 644 172 -143 757 -807 -246 -760 -914 -872 -225 338
-860 748 44 -684 -447 -611 -621 -195 -976 -849 936 -587 -931 -113 -303
-271 59 37 862 -762 941 183 -53 -451 -40 -94 -530 -658 197 294
608 -182 573 908 -299 606 -666 906 994 404 -641 166 817 -283 -58
672 39 -22 806 370 -793 -176 205 306 -889 -960 -733 730 697 768
-967 23 108 143 -862 -940 -112 744 709 790 -470 805 463 803 -907
154 -428 -787 866 -449 958 759 81 105 -792 416 -415 -482 737 -131
-187 780 729 -361 -375 687 -979 -865 681 -528 -287 -456 -947 520 -573
-981 -297 -892 45 -610 126 -701 -138 916 63 569 132 185 368 609
-601 268 -602 983 -74 -801 -44 158 41 48 676 -773 501 -278 -808
-472 274 -630 453 445 -975 -462 746 -153 -104 81 749 259 657 -199
-492 -869 -889 562 612 970 597 510 217 -420 438 716 343 17 81
-279 435 364 882 -911 55 -972 553 -688 -699 -673 505 552 448 554
379 93 806 -782 -358 -598 728 -102 -104 539 -767 -971 -96 759 741
85 763 819 859 588 -831 -695 969 -276 -182 743 741 -168 -51 820
202 -782 689 -353 -347 -19 -70 52 916 -160 623 344 -815 -831 552
-117 -140 699 -75 909 -711 -584 -706 618 98 957 -187 404 -775 121
793 276 620 43 371 -407 849 -824 -109 -258 930 -555 -291 -837 -269
-70 -470 -226 56 414 228 552 579 -714 499 803 -962 323 442 -801
81 -148 -477 596 -226 717 -309 -290 -854 -56 -662 -42 352 -529 -69
-969 -372 -44 -689 662 148 -126 -838 -837 -521 498 969 -216 211 566
699 147 168 96 -256 -333 -744 393 -432 120 388 841 907 -974 939
399 222 -421 -919 -494 -546 696 762 -710 872 -691 -422 -120 722 -903
119 -66 -707 136 -236 4 573 308 583 -785 300 -591 -87 -684 -163
-687 -975 94 -283 808 -890 757 821 84 -628 939 820 -712 -170 373
707 484 -24 -861 638 -82 -946 -966 278 946 -424 -773 3 677 907
781 -916 755 -708 211 -366 446 -4 744 448 -286 -996 -767 -908 237
253 960 -291 -65 179 654 -101 185 265 -929 -367 -188 857 -998 842
-93 -464 -757 -961 -96 -865 -171 458 518 -513 189 -491 986 536 292
-797 446 -127 -177 904 78 683 761 864 -526 263 601 727 762 -366
-204 668 -655 447 -812 -551 -604 588 -898 642 641 415 263 861 -840
451 580 -85 442 -549 -150 386 -83 103 -578 -266 -382 -961 -145 -346
-904 -360 472 181 -251 756 -10 -564 -258 397 715 66 548 220 -92
522 -718 -776 -621 126 -768 220 -403 449 611 -841 -353 682 -547 -923
538 -650 519 488 172 -951 -949 967 -15 -898 570 -902 197 259 -303
42 -84 567 476 923 -189 -903 -321 -907 -473 154 -933 -844 327 72
973 -835 -45 752 -250 -533 -495 -958 195 523 415 647 -49 639 -742
-681 472 112 -228 -676 397 723 426 -191 233 -378 484 43 -476 819
724 -563 568 19 55 -55 583 -66 -915 -694 -187 -636 358 851 25
-769 180 654 947 -1 6 -186 -870 618 -501 -312 111 -788 -548 644
249 677 -477 -841 -60 572 642 -428 -925 -706 336 171 75 560 123
361 206 -826 -524 -360 -59 -534 -47 -921 184 652 23 208 -391 257
504 -23 -830 58 -450 -558 139 822 22 591 -264 385 168 -308 158
453 -359 -120 196 -693 -893 673 504 -143 -970 794 -380 570 -445 -119
-896 412 -949 198 131 -356 -528 123 826 230 -238 804 637 -185 542
-885 84 186 -526 -731 621 736 -460 -434 -515 -247 -490 -805 -236 -97
-375 -10 -329 -179 -366 739 705 424 -350 -774 858 -213 108 454 381
-281 -891 28 -380 -121 -409 -831 -785 -543 -492 -488 21 640 -786 -312
397 795 958 -919 341 -495 -382 -845 -526 562 -613 -933 765 534 477
-428 434 721 -91 726 860 485 858 618 324 -197 1 394 -472 -844
-718 833 -69 -813 -740 -780 -490 484 -591 4 542 -446 661 871 156
-209 -315 -938 515 991 -196 -801 413 645 -24 -984 267 805 993 297
-324 539 -169 -196 -974 -302 801 427 -358 84 14 578 634 30 479
[RUN #7 1 100]
389
746
721
-77
-14
507
-815
-674
-217
457
-50
463
470
-95
751
-510
101
-525
-941
-324
-220
-873
-631
-493
-703
554
-986
-563
[RUN #8 10 100]
-251 282 458 -193 -207 -107 304 -502 109 -97
-872 540 -769 -929 369 -852 -561 -623 748 32
637 -331 -864 -627 58 759 -986 605 -530 111
-987 -744 -982 750 384 -904 145 -627 284 -976
-795 957 -57 12 -27 -509 661 -718 -546 712
-940 554 -531 306 -924 -259 -829 2 114 932
830 -325 695 635 247 531 198 276 231 726
-729 99 496 -210 -836 787 -704 -274 -439 -579
574 38 568 -609 -854 -131 289 -667 -954 -676
-690 -242 240 -65 526 440 -738 658 206 -146
376 -439 449 -987 -235 -927 719 177 -441 307
-908 179 -379 -394 352 570 742 891 155 420
16 489 -928 966 59 -439 -70 -191 26 -243
410 185 -115 -302 -170 819 -721 -583 682 -919
661 483 -256 474 206 -588 36 -618 -889 764
305 14 -468 -38 482 515 -898 -409 -677 170
-491 246 -237 -823 -183 -640 -720 -485 314 552
341 154 -453 602 39 -459 937 100 658 -749
274 849 104 279 -585 401 828 34 583 -696
-126 -203 462 297 -549 365 -993 -537 -769 774
486 -265 297 64 308 -167 -425 325 -289 17
872 -814 568 -7 -88 -812 316 182 -885 653
-713 -529 -615 -576 747 886 -25 79 878 -75
102 -37 -879 87 -9 -954 776 220 816 -21
583 974 463 -431 378 429 -539 -943 -727 144
-305 -465 -952 -855 648 -785 50 424 616 700
322 -30 -193 442 -176 -117 217 464 -976 196
-855 -857 -348 -417 620 -699 805 518 -221 -294
737 -546 786 145 336 767 -54 -923 302 -115
-405 703 153 560 52 -540 -232 -1000 297 721
956 -691 -97 193 -297 -280 687 927 800 -781
708 310 864 402 429 -884 -498 -356 231 788
-675 306 181 -406 700 70 -625 110 -43 731
468 502 534 799 -281 -437 647 -910 719 83
-632 -60 -165 -967 454 -156 241 -933 -166 713
678 465 -892 -873 723 -806 -673 441 514 674
-682 -875 -302 188 -804 -897 33 -30 -259 829
20 883 -308 -470 860 753 -564 155 354 -302
-573 -115 820 811 152 869 -214 604 -961 -951
278 -516 -471 -726 824 180 665 -893 -951 -198
607 674 -874 496 -488 -21 641 628 -496 -411
-189 -994 7 -307 -626 -903 -485 -767 612 285
-579 596 -43 999 123 678 231 -789 440 -120
-115 -839 -803 627 -957 -109 97 -855 212 835
105 -283 -207 952 899 353 -720 -80 662 881
-701 785 979 -559 859 -909 -832 211 490 -785
237 -326 -679 -575 560 183 439 -516 187 -977
524 897 253 -425 882 -418 -702 -171 528 -783
646 -660 -157 -865 896 -680 197 -622 -745 728
-266 430 181 913 488 -86 -70 867 -909 -816
-834 624 772 570 283 -925 506 540 -965 368
-771 263 498 -11 710 888 554 -484 436 -264
178 -961 -724 -213 -958 -910 -26 452 -393 -60
260 -106 -697 -563 633 -769 -82 667 966 -722
-79 -349 87 660 760 325 266 379 526 774
-546 749 205 663 -600 999 -194 -981 139 -872
-931 -745 -375 -653 757 -686 714 789 549 -381
435 774 -751 839 61 836 286 -565 -550 998
-472 -59 904 -758 115 -957 689 405 424 317
-971 573 118 199 -449 -300 279 508 -607 83
241 -467 -987 -547 -769 -650 -652 905 -878 -792
350 812 -645 -971 -219 120 524 -868 62 901
947 -88 37 388 170 795 700 718 -924 734
9 122 -752 0 -397 -337 -767 535 -956 -707
-114 22 901 -882 -858 -852 461 231 26 605
812 -210 -731 547 -594 -841 -519 -535 833 952
-1 623 -241 -36 53 -758 472 -276 932 -492
-522 -851 -726 161 104 287 -843 434 875 172
-29 -27 197 -985 954 845 818 756 913 815
304 262 -541 125 434 -286 -471 729 813 -467
259 987 123 564 326 858 -287 -359 -531 522
-818 275 107 563 637 -163 -73 -538 630 429
-81 909 -546 434 861 -72 549 452 751 93
842 984 -428 -431 924 836 607 358 -558 839
778 -521 -701 -116 306 -61 -71 -370 3 -101
-709 -730 -208 915 514 513 -162 765 -749 -64
-275 929 -676 -740 -193 -367 -500 -42 -958 579
910 707 -328 107 -340 319 -248 -583 841 936
555 817 667 263 375 -266 660 -47 -315 137
-881 762 -370 -316 432 -344 168 615 -406 -868
406 241 252 374 -858 -689 -377 361 521 -70
356 -797 689 968 -39 -683 541 -830 752 600
15 398 -945 -160 120 739 -542 -353 245 882
-190 -536 769 -436 650 892 337 169 -18 70
-116 -143 194 89 555 -929 435 376 255 -16
-220 476 408 557 -260 842 123 -699 -469 111
-39 365 -754 -739 428 -841 496 178 589 165
-495 623 -938 522 226 370 -511 70 -113 559
-46 -879 -346 322 623 772 559 258 -201 -485
857 557 -422 -634 564 727 896 -473 -79 -443
587 985 77 803 768 -847 253 412 29 294
-564 -574 -841 726 -556 -804 -193 251 730 728
-301 370 -560 -707 406 -314 674 5 -149 198
966 142 -746 615 -162 -980 415 -812 -71 453
588 165 765 -43 274 -353 895 431 323 167
-620 566 343 989 791 14 542 -374 293 -949
-971 -269 160 187 -537 -417 423 -232 147 992
525 471 -887 -69 -42 -682 -391 348 -557 -661
-230 711 429 -333 603 -161 -642 848 77 -151
-664 -263 -185 -189 425 643 -186 -116 -566 131
